Using pre-set license
Built from '2020.3/staging' branch; Version is '2020.3.3f1 (76626098c1c4) revision 7758432'; Using compiler version '192528614'; Build Type 'Release'
OS: 'Windows 10 Pro; OS build 19042.867; Version 2009; 64bit' Language: 'en' Physical Memory: 16316 MB
BatchMode: 1, IsHumanControllingUs: 0, StartBugReporterOnCrash: 0, Is64bit: 1, IsPro: 0

 COMMAND LINE ARGUMENTS:
C:\Program Files\Unity\Hub\Editor\2020.3.3f1\Editor\Unity.exe
-adb2
-batchMode
-noUpm
-name
AssetImportWorker0
-projectPath
D:/Unity Stuff/Remade
-logFile
Logs/AssetImportWorker0.log
-srvPort
54430
Successfully changed project path to: D:/Unity Stuff/Remade
D:/Unity Stuff/Remade
Using Asset Import Pipeline V2.
Refreshing native plugins compatible for Editor in 68.07 ms, found 0 plugins.
Preloading 0 native plugins for Editor in 0.00 ms.
Initialize engine version: 2020.3.3f1 (76626098c1c4)
[Subsystems] Discovering subsystems at path C:/Program Files/Unity/Hub/Editor/2020.3.3f1/Editor/Data/Resources/UnitySubsystems
[Subsystems] Discovering subsystems at path D:/Unity Stuff/Remade/Assets
GfxDevice: creating device client; threaded=0
Direct3D:
    Version:  Direct3D 11.0 [level 11.1]
    Renderer: NVIDIA GeForce GTX 1080 (ID=0x1b80)
    Vendor:   
    VRAM:     8079 MB
    Driver:   27.21.14.6589
Shader 'WFX/Transparent Specular': fallback shader 'Particles/Alpha Blended' not found
Shader 'WFX/Transparent Diffuse': fallback shader 'Particles/Alpha Blended' not found
Initialize mono
Mono path[0] = 'C:/Program Files/Unity/Hub/Editor/2020.3.3f1/Editor/Data/Managed'
Mono path[1] = 'C:/Program Files/Unity/Hub/Editor/2020.3.3f1/Editor/Data/MonoBleedingEdge/lib/mono/unityjit'
Mono config path = 'C:/Program Files/Unity/Hub/Editor/2020.3.3f1/Editor/Data/MonoBleedingEdge/etc'
Using monoOptions --debugger-agent=transport=dt_socket,embedding=1,server=y,suspend=n,address=127.0.0.1:56376
Begin MonoManager ReloadAssembly
Registering precompiled unity dll's ...
Register platform support module: C:/Program Files/Unity/Hub/Editor/2020.3.3f1/Editor/Data/PlaybackEngines/WindowsStandaloneSupport/UnityEditor.WindowsStandalone.Extensions.dll
Registered in 0.001776 seconds.
Native extension for WindowsStandalone target not found
Refreshing native plugins compatible for Editor in 67.67 ms, found 0 plugins.
Preloading 0 native plugins for Editor in 0.00 ms.
Invoked RoslynAnalysisRunner static constructor.
RoslynAnalysisRunner will not be running.
RoslynAnalysisRunner has terminated.
Mono: successfully reloaded assembly
- Completed reload, in  0.994 seconds
Platform modules already initialized, skipping
Registering precompiled user dll's ...
Registered in 0.003325 seconds.
Begin MonoManager ReloadAssembly
Native extension for WindowsStandalone target not found
Refreshing native plugins compatible for Editor in 66.98 ms, found 0 plugins.
Preloading 0 native plugins for Editor in 0.00 ms.
Invoked RoslynAnalysisRunner static constructor.
RoslynAnalysisRunner will not be running.
RoslynAnalysisRunner has terminated.
Find all reader and writers took 77 milliseconds
Script Module: UnityEngine.UI.dll
Weave behaviours and messages took58 milliseconds
Find all reader and writers took 47 milliseconds
Script Module: Unity.RenderPipelines.Core.Runtime.dll
Weave behaviours and messages took43 milliseconds
Find all reader and writers took 52 milliseconds
Script Module: UnityEngine.TestRunner.dll
Weave behaviours and messages took21 milliseconds
Find all reader and writers took 71 milliseconds
Script Module: Unity.Mathematics.dll
Weave behaviours and messages took150 milliseconds
Find all reader and writers took 45 milliseconds
Script Module: SimpleWebTransport.dll
Weave behaviours and messages took4 milliseconds
Find all reader and writers took 58 milliseconds
Script Module: Unity.RenderPipelines.Universal.Runtime.dll
Weave behaviours and messages took40 milliseconds
Find all reader and writers took 82 milliseconds
Script Module: Unity.TextMeshPro.dll
Weave behaviours and messages took71 milliseconds
Find all reader and writers took 42 milliseconds
Script Module: Unity.ProBuilder.Poly2Tri.dll
Weave behaviours and messages took5 milliseconds
Find all reader and writers took 54 milliseconds
Script Module: Unity.Timeline.dll
Weave behaviours and messages took24 milliseconds
Find all reader and writers took 97 milliseconds
Script Module: Unity.ProBuilder.dll
Weave behaviours and messages took105 milliseconds
Find all reader and writers took 52 milliseconds
Script Module: Telepathy.dll
Weave behaviours and messages took2 milliseconds
Find all reader and writers took 72 milliseconds
Script Module: Assembly-CSharp.dll
Weave behaviours and messages took17 milliseconds
Find all reader and writers took 58 milliseconds
Script Module: Unity.ProGrids.dll
Weave behaviours and messages took0 milliseconds
Find all reader and writers took 60 milliseconds
Script Module: Unity.ProBuilder.Csg.dll
Weave behaviours and messages took2 milliseconds
Find all reader and writers took 55 milliseconds
Script Module: Mirror.Cloud.dll
Weave behaviours and messages took2 milliseconds
Find all reader and writers took 52 milliseconds
Script Module: kcp2k.dll
Weave behaviours and messages took3 milliseconds
Find all reader and writers took 53 milliseconds
Script Module: Mirror.Examples.Cloud.GUI.dll
Weave behaviours and messages took4 milliseconds
Find all reader and writers took 54 milliseconds
Script Module: Unity.ProBuilder.KdTree.dll
Weave behaviours and messages took3 milliseconds
Find all reader and writers took 53 milliseconds
Script Module: Unity.RenderPipelines.Core.ShaderLibrary.dll
Weave behaviours and messages took0 milliseconds
Find all reader and writers took 52 milliseconds
Script Module: Unity.RenderPipeline.Universal.ShaderLibrary.dll
Weave behaviours and messages took0 milliseconds
Find all reader and writers took 51 milliseconds
Script Module: Unity.ProBuilder.Stl.dll
Weave behaviours and messages took1 milliseconds
Find all reader and writers took 51 milliseconds
Script Module: Unity.RenderPipelines.Universal.Shaders.dll
Weave behaviours and messages took0 milliseconds
Find all reader and writers took 51 milliseconds
Script Module: Unity.RenderPipelines.ShaderGraph.ShaderGraphLibrary.dll
Weave behaviours and messages took0 milliseconds
Find all reader and writers took 71 milliseconds
Script Module: UnityEditor.TestRunner.dll
Weave behaviours and messages took35 milliseconds
Find all reader and writers took 68 milliseconds
Script Module: Unity.ProBuilder.AssetIdRemapUtility.dll
Weave behaviours and messages took4 milliseconds
Find all reader and writers took 45 milliseconds
Script Module: Mirror.CompilerSymbols.dll
Weave behaviours and messages took0 milliseconds
Find all reader and writers took 67 milliseconds
Script Module: UnityEditor.UI.dll
Weave behaviours and messages took9 milliseconds
Find all reader and writers took 48 milliseconds
Script Module: Unity.ShaderGraph.Utilities.dll
Weave behaviours and messages took0 milliseconds
Mono: successfully reloaded assembly
- Completed reload, in  6.263 seconds
Platform modules already initialized, skipping
========================================================================
Worker process is ready to serve import requests
Shader 'Universal Render Pipeline/Particles/Lit': fallback shader 'Universal Render Pipeline/Particles/SimpleLit' not found
Shader 'Universal Render Pipeline/Particles/Lit': fallback shader 'Universal Render Pipeline/Particles/SimpleLit' not found
Shader 'WFX/Transparent Diffuse': fallback shader 'Particles/Alpha Blended' not found
Shader 'WFX/Transparent Specular': fallback shader 'Particles/Alpha Blended' not found
Launched and connected shader compiler UnityShaderCompiler.exe after 0.04 seconds
Refreshing native plugins compatible for Editor in 0.69 ms, found 0 plugins.
Preloading 0 native plugins for Editor in 0.00 ms.
Unloading 3163 Unused Serialized files (Serialized files now loaded: 0)
System memory in use before: 149.0 MB.
System memory in use after: 146.2 MB.

Unloading 136 unused Assets to reduce memory usage. Loaded Objects now: 3565.
Total: 4.458300 ms (FindLiveObjects: 0.326800 ms CreateObjectMapping: 0.231000 ms MarkObjects: 2.518700 ms  DeleteObjects: 1.380700 ms)

========================================================================
Received Import Request.
  path: Assets/AssetStoreOriginals/_SNAPS_PrototypingAssets/ModernOffice_Interior/Prefabs/SNAPS_NoHD/Neo_Wall_4m_snaps001.prefab
  artifactKey: Guid(cd6649c2928f310498660dcff07705ac) Importer(815301076,1909f56bfc062723c751e8b465ee728b)
Start importing Assets/AssetStoreOriginals/_SNAPS_PrototypingAssets/ModernOffice_Interior/Prefabs/SNAPS_NoHD/Neo_Wall_4m_snaps001.prefab using Guid(cd6649c2928f310498660dcff07705ac) Importer(815301076,1909f56bfc062723c751e8b465ee728b)  -> (artifact id: 'aa570d18edc26b58912eb84b1ac27840') in 0.257547 seconds
  Import took 0.262151 seconds .

========================================================================
Received Import Request.
  Time since last request: 0.000151 seconds.
  path: Assets/AssetStoreOriginals/_SNAPS_PrototypingAssets/ModernOffice_Interior/Prefabs/SNAPS_NoHD/Neo_Floor_03_snaps001.prefab
  artifactKey: Guid(b3e1ae4b20d1a0845a32d4418535010b) Importer(815301076,1909f56bfc062723c751e8b465ee728b)
Start importing Assets/AssetStoreOriginals/_SNAPS_PrototypingAssets/ModernOffice_Interior/Prefabs/SNAPS_NoHD/Neo_Floor_03_snaps001.prefab using Guid(b3e1ae4b20d1a0845a32d4418535010b) Importer(815301076,1909f56bfc062723c751e8b465ee728b)  -> (artifact id: '78fec69059055f4527e10f175f4d12eb') in 0.021213 seconds
  Import took 0.025874 seconds .

========================================================================
Received Import Request.
  Time since last request: 0.000152 seconds.
  path: Assets/AssetStoreOriginals/_SNAPS_PrototypingAssets/ModernOffice_Interior/Prefabs/SNAPS_NoHD/Neo_Pillar_02_L_4m_snaps001.prefab
  artifactKey: Guid(4d057e6b0c2f0b3438a341df00052ea5) Importer(815301076,1909f56bfc062723c751e8b465ee728b)
Start importing Assets/AssetStoreOriginals/_SNAPS_PrototypingAssets/ModernOffice_Interior/Prefabs/SNAPS_NoHD/Neo_Pillar_02_L_4m_snaps001.prefab using Guid(4d057e6b0c2f0b3438a341df00052ea5) Importer(815301076,1909f56bfc062723c751e8b465ee728b)  -> (artifact id: '2c0b077ff6b500fb76141078907fb28a') in 0.019266 seconds
  Import took 0.025513 seconds .

========================================================================
Received Import Request.
  Time since last request: 0.000227 seconds.
  path: Assets/AssetStoreOriginals/_SNAPS_PrototypingAssets/ModernOffice_Interior/Prefabs/SNAPS_NoHD/Neo_WallWindowFrame_03_4m_snaps001.prefab
  artifactKey: Guid(462709b1a194d414592da88cad9c14df) Importer(815301076,1909f56bfc062723c751e8b465ee728b)
Start importing Assets/AssetStoreOriginals/_SNAPS_PrototypingAssets/ModernOffice_Interior/Prefabs/SNAPS_NoHD/Neo_WallWindowFrame_03_4m_snaps001.prefab using Guid(462709b1a194d414592da88cad9c14df) Importer(815301076,1909f56bfc062723c751e8b465ee728b)  -> (artifact id: 'ad75a51f24afffec750f79dff1fb1b41') in 0.020717 seconds
  Import took 0.028404 seconds .

========================================================================
Received Import Request.
  Time since last request: 0.000160 seconds.
  path: Assets/AssetStoreOriginals/_SNAPS_PrototypingAssets/ModernOffice_Interior/Prefabs/SNAPS_NoHD/Neo_Pillar_01_M_4m_snaps001.prefab
  artifactKey: Guid(9716301c1f7a89c4d8969bdeda62c4a2) Importer(815301076,1909f56bfc062723c751e8b465ee728b)
Start importing Assets/AssetStoreOriginals/_SNAPS_PrototypingAssets/ModernOffice_Interior/Prefabs/SNAPS_NoHD/Neo_Pillar_01_M_4m_snaps001.prefab using Guid(9716301c1f7a89c4d8969bdeda62c4a2) Importer(815301076,1909f56bfc062723c751e8b465ee728b)  -> (artifact id: '1693adbf5f227822dd1724728a00ed6e') in 0.021336 seconds
  Import took 0.026984 seconds .

========================================================================
Received Import Request.
  Time since last request: 0.000147 seconds.
  path: Assets/AssetStoreOriginals/_SNAPS_PrototypingAssets/ModernOffice_Interior/Prefabs/SNAPS_NoHD/Neo_WallDoubleDoors_01_4m_snaps001.prefab
  artifactKey: Guid(bdd155ddbbfc71d4299eec62806c436a) Importer(815301076,1909f56bfc062723c751e8b465ee728b)
Start importing Assets/AssetStoreOriginals/_SNAPS_PrototypingAssets/ModernOffice_Interior/Prefabs/SNAPS_NoHD/Neo_WallDoubleDoors_01_4m_snaps001.prefab using Guid(bdd155ddbbfc71d4299eec62806c436a) Importer(815301076,1909f56bfc062723c751e8b465ee728b)  -> (artifact id: 'c44365d6e6e636c7f0c950bae918d9a1') in 0.020654 seconds
  Import took 0.026043 seconds .

========================================================================
Received Import Request.
  Time since last request: 0.000142 seconds.
  path: Assets/AssetStoreOriginals/_SNAPS_PrototypingAssets/ModernOffice_Interior/Prefabs/SNAPS_NoHD/Neo_Pillar_02_S_4m_snaps001.prefab
  artifactKey: Guid(4f8052f790ef1c14ba9a6145196c3af5) Importer(815301076,1909f56bfc062723c751e8b465ee728b)
Start importing Assets/AssetStoreOriginals/_SNAPS_PrototypingAssets/ModernOffice_Interior/Prefabs/SNAPS_NoHD/Neo_Pillar_02_S_4m_snaps001.prefab using Guid(4f8052f790ef1c14ba9a6145196c3af5) Importer(815301076,1909f56bfc062723c751e8b465ee728b)  -> (artifact id: '918fe6cd89ce0f2228556faee32c43b2') in 0.018096 seconds
  Import took 0.022970 seconds .

========================================================================
Received Import Request.
  Time since last request: 0.000248 seconds.
  path: Assets/AssetStoreOriginals/_SNAPS_PrototypingAssets/ModernOffice_Interior/Prefabs/SNAPS_NoHD/Neo_Floor_Ceiling_03_snaps001.prefab
  artifactKey: Guid(326806cc1d34f8b418df49602410fb71) Importer(815301076,1909f56bfc062723c751e8b465ee728b)
Start importing Assets/AssetStoreOriginals/_SNAPS_PrototypingAssets/ModernOffice_Interior/Prefabs/SNAPS_NoHD/Neo_Floor_Ceiling_03_snaps001.prefab using Guid(326806cc1d34f8b418df49602410fb71) Importer(815301076,1909f56bfc062723c751e8b465ee728b)  -> (artifact id: 'be023aa4ec44e0d0d2b8f5ce337a9019') in 0.018736 seconds
  Import took 0.024792 seconds .

========================================================================
Received Import Request.
  Time since last request: 0.000201 seconds.
  path: Assets/AssetStoreOriginals/_SNAPS_PrototypingAssets/ModernOffice_Interior/Prefabs/SNAPS_NoHD/Classic_Floor_02_snaps001.prefab
  artifactKey: Guid(a9a6af830b7d63749a8d69dc96895156) Importer(815301076,1909f56bfc062723c751e8b465ee728b)
Start importing Assets/AssetStoreOriginals/_SNAPS_PrototypingAssets/ModernOffice_Interior/Prefabs/SNAPS_NoHD/Classic_Floor_02_snaps001.prefab using Guid(a9a6af830b7d63749a8d69dc96895156) Importer(815301076,1909f56bfc062723c751e8b465ee728b)  -> (artifact id: '9c1c225eb4cd9227948d320b6c696500') in 0.015871 seconds
  Import took 0.020452 seconds .

========================================================================
Received Import Request.
  Time since last request: 0.000140 seconds.
  path: Assets/AssetStoreOriginals/_SNAPS_PrototypingAssets/ModernOffice_Interior/Prefabs/SNAPS_NoHD/Classic_Ceiling_02_snaps001.prefab
  artifactKey: Guid(52a315013fbd83d42b47ebada09e0329) Importer(815301076,1909f56bfc062723c751e8b465ee728b)
Start importing Assets/AssetStoreOriginals/_SNAPS_PrototypingAssets/ModernOffice_Interior/Prefabs/SNAPS_NoHD/Classic_Ceiling_02_snaps001.prefab using Guid(52a315013fbd83d42b47ebada09e0329) Importer(815301076,1909f56bfc062723c751e8b465ee728b)  -> (artifact id: '3c66912e1d3ab05168b8675e39cf1d5a') in 0.019031 seconds
  Import took 0.023104 seconds .

========================================================================
Received Import Request.
  Time since last request: 0.000137 seconds.
  path: Assets/AssetStoreOriginals/_SNAPS_PrototypingAssets/ModernOffice_Interior/Prefabs/SNAPS_NoHD/Neo_WallDoubleDoorFrame_01_4m_snaps001.prefab
  artifactKey: Guid(37721718c89802b4da02486a095a25a2) Importer(815301076,1909f56bfc062723c751e8b465ee728b)
Start importing Assets/AssetStoreOriginals/_SNAPS_PrototypingAssets/ModernOffice_Interior/Prefabs/SNAPS_NoHD/Neo_WallDoubleDoorFrame_01_4m_snaps001.prefab using Guid(37721718c89802b4da02486a095a25a2) Importer(815301076,1909f56bfc062723c751e8b465ee728b)  -> (artifact id: 'fa37a053bf46a797ab15eebacf27385d') in 0.018347 seconds
  Import took 0.023276 seconds .

========================================================================
Received Import Request.
  Time since last request: 0.000149 seconds.
  path: Assets/AssetStoreOriginals/_SNAPS_PrototypingAssets/ModernOffice_Interior/Prefabs/SNAPS_NoHD/Neo_Pillar_02_M_4m_snaps001.prefab
  artifactKey: Guid(fd1ecae17bcbb3548ade769d7f5b1f24) Importer(815301076,1909f56bfc062723c751e8b465ee728b)
Start importing Assets/AssetStoreOriginals/_SNAPS_PrototypingAssets/ModernOffice_Interior/Prefabs/SNAPS_NoHD/Neo_Pillar_02_M_4m_snaps001.prefab using Guid(fd1ecae17bcbb3548ade769d7f5b1f24) Importer(815301076,1909f56bfc062723c751e8b465ee728b)  -> (artifact id: 'a3afee7a765708dc2ad947059f934fe8') in 0.016085 seconds
  Import took 0.020827 seconds .

========================================================================
Received Import Request.
  Time since last request: 0.000161 seconds.
  path: Assets/AssetStoreOriginals/_SNAPS_PrototypingAssets/ModernOffice_Interior/Prefabs/SNAPS_NoHD/Neo_Wall_HeightGapFill_snaps001.prefab
  artifactKey: Guid(3b79e730b71b17f4c99286faf9074382) Importer(815301076,1909f56bfc062723c751e8b465ee728b)
Start importing Assets/AssetStoreOriginals/_SNAPS_PrototypingAssets/ModernOffice_Interior/Prefabs/SNAPS_NoHD/Neo_Wall_HeightGapFill_snaps001.prefab using Guid(3b79e730b71b17f4c99286faf9074382) Importer(815301076,1909f56bfc062723c751e8b465ee728b)  -> (artifact id: '72faa7d15da0adc68696edab426597f8') in 0.017473 seconds
  Import took 0.021789 seconds .

========================================================================
Received Import Request.
  Time since last request: 0.000139 seconds.
  path: Assets/AssetStoreOriginals/_SNAPS_PrototypingAssets/ModernOffice_Interior/Prefabs/SNAPS_NoHD/Neo_Pillar_01_S_4m_snaps001.prefab
  artifactKey: Guid(3fe8bc8047e9fd7409031b22ecc28172) Importer(815301076,1909f56bfc062723c751e8b465ee728b)
Start importing Assets/AssetStoreOriginals/_SNAPS_PrototypingAssets/ModernOffice_Interior/Prefabs/SNAPS_NoHD/Neo_Pillar_01_S_4m_snaps001.prefab using Guid(3fe8bc8047e9fd7409031b22ecc28172) Importer(815301076,1909f56bfc062723c751e8b465ee728b)  -> (artifact id: '16b566632f96ada30a3be3e544218d22') in 0.016148 seconds
  Import took 0.020724 seconds .

========================================================================
Received Import Request.
  Time since last request: 0.000140 seconds.
  path: Assets/AssetStoreOriginals/_SNAPS_PrototypingAssets/ModernOffice_Interior/Prefabs/SNAPS_NoHD/Neo_WallDoorFrame_01_4m_snaps001.prefab
  artifactKey: Guid(78872c40a8151204e84292b05cf458d2) Importer(815301076,1909f56bfc062723c751e8b465ee728b)
Start importing Assets/AssetStoreOriginals/_SNAPS_PrototypingAssets/ModernOffice_Interior/Prefabs/SNAPS_NoHD/Neo_WallDoorFrame_01_4m_snaps001.prefab using Guid(78872c40a8151204e84292b05cf458d2) Importer(815301076,1909f56bfc062723c751e8b465ee728b)  -> (artifact id: '7c219c62d0125bd148f3d6536a2dbae0') in 0.019902 seconds
  Import took 0.024533 seconds .

========================================================================
Received Import Request.
  Time since last request: 0.000140 seconds.
  path: Assets/AssetStoreOriginals/_SNAPS_PrototypingAssets/ModernOffice_Interior/Prefabs/SNAPS_NoHD/Neo_WallWindowFrame_02_4m_snaps001.prefab
  artifactKey: Guid(5b41703580b9f54448d1e4fdbbf7efef) Importer(815301076,1909f56bfc062723c751e8b465ee728b)
Start importing Assets/AssetStoreOriginals/_SNAPS_PrototypingAssets/ModernOffice_Interior/Prefabs/SNAPS_NoHD/Neo_WallWindowFrame_02_4m_snaps001.prefab using Guid(5b41703580b9f54448d1e4fdbbf7efef) Importer(815301076,1909f56bfc062723c751e8b465ee728b)  -> (artifact id: '072fa9a484be6682aea799ccea06a025') in 0.020409 seconds
  Import took 0.025689 seconds .

========================================================================
Received Import Request.
  Time since last request: 0.000136 seconds.
  path: Assets/AssetStoreOriginals/_SNAPS_PrototypingAssets/ModernOffice_Interior/Prefabs/SNAPS_NoHD
  artifactKey: Guid(5ce7768fe1be7a5468fff32e6bb0aea0) Importer(815301076,1909f56bfc062723c751e8b465ee728b)
Start importing Assets/AssetStoreOriginals/_SNAPS_PrototypingAssets/ModernOffice_Interior/Prefabs/SNAPS_NoHD using Guid(5ce7768fe1be7a5468fff32e6bb0aea0) Importer(815301076,1909f56bfc062723c751e8b465ee728b)  -> (artifact id: 'e41aa843f5d3a26231f0cc49694779d7') in 0.004830 seconds
  Import took 0.009513 seconds .

========================================================================
Received Import Request.
  Time since last request: 0.000174 seconds.
  path: Assets/AssetStoreOriginals/_SNAPS_PrototypingAssets/ModernOffice_Interior/Prefabs/SNAPS_NoHD/Neo_WallWindowFrame_01_4m_snaps001.prefab
  artifactKey: Guid(0b7c811c7ab4ad744a5a8dec4eb06d32) Importer(815301076,1909f56bfc062723c751e8b465ee728b)
Start importing Assets/AssetStoreOriginals/_SNAPS_PrototypingAssets/ModernOffice_Interior/Prefabs/SNAPS_NoHD/Neo_WallWindowFrame_01_4m_snaps001.prefab using Guid(0b7c811c7ab4ad744a5a8dec4eb06d32) Importer(815301076,1909f56bfc062723c751e8b465ee728b)  -> (artifact id: '73bc43728a084114fb607b10937364a7') in 0.019201 seconds
  Import took 0.025475 seconds .

========================================================================
Received Import Request.
  Time since last request: 0.000157 seconds.
  path: Assets/AssetStoreOriginals/_SNAPS_PrototypingAssets/ModernOffice_Interior/Prefabs/SNAPS_NoHD/Neo_Pillar_01_L_4m_snaps001.prefab
  artifactKey: Guid(60c2015a6316cec40bf8959981f04bee) Importer(815301076,1909f56bfc062723c751e8b465ee728b)
Start importing Assets/AssetStoreOriginals/_SNAPS_PrototypingAssets/ModernOffice_Interior/Prefabs/SNAPS_NoHD/Neo_Pillar_01_L_4m_snaps001.prefab using Guid(60c2015a6316cec40bf8959981f04bee) Importer(815301076,1909f56bfc062723c751e8b465ee728b)  -> (artifact id: 'adc5410d837aef963f18b87c18358dd8') in 0.018213 seconds
  Import took 0.023529 seconds .

========================================================================
Received Import Request.
  Time since last request: 0.000254 seconds.
  path: Assets/AssetStoreOriginals/_SNAPS_PrototypingAssets/ModernOffice_Interior/Prefabs/SNAPS_NoHD/Neo_WallDoor_01_4m_snaps001.prefab
  artifactKey: Guid(cfdbdef0dbf22c44a837e3c9209db83a) Importer(815301076,1909f56bfc062723c751e8b465ee728b)
Start importing Assets/AssetStoreOriginals/_SNAPS_PrototypingAssets/ModernOffice_Interior/Prefabs/SNAPS_NoHD/Neo_WallDoor_01_4m_snaps001.prefab using Guid(cfdbdef0dbf22c44a837e3c9209db83a) Importer(815301076,1909f56bfc062723c751e8b465ee728b)  -> (artifact id: '36aea55cc4ccdbc6367d677dda72551b') in 0.017196 seconds
  Import took 0.021984 seconds .

========================================================================
Received Import Request.
  Time since last request: 0.000204 seconds.
  path: Assets/AssetStoreOriginals/_SNAPS_PrototypingAssets/ModernOffice_Interior/Prefabs/SNAPS_NoHD/Neo_Wall_Corner_4m_snaps001.prefab
  artifactKey: Guid(5a02e34e0575a924d810efcd291923c7) Importer(815301076,1909f56bfc062723c751e8b465ee728b)
Start importing Assets/AssetStoreOriginals/_SNAPS_PrototypingAssets/ModernOffice_Interior/Prefabs/SNAPS_NoHD/Neo_Wall_Corner_4m_snaps001.prefab using Guid(5a02e34e0575a924d810efcd291923c7) Importer(815301076,1909f56bfc062723c751e8b465ee728b)  -> (artifact id: '13c1ab2e3eb2593b8d96f636141f578e') in 0.015757 seconds
  Import took 0.021010 seconds .

========================================================================
Received Import Request.
  Time since last request: 0.000139 seconds.
  path: Assets/AssetStoreOriginals/_SNAPS_PrototypingAssets/ModernOffice_Interior/Prefabs/SNAPS_NoHD/StairCase_01_4m_snaps001.prefab
  artifactKey: Guid(5f52a5120f1de6d4b8a490f2646760f8) Importer(815301076,1909f56bfc062723c751e8b465ee728b)
Start importing Assets/AssetStoreOriginals/_SNAPS_PrototypingAssets/ModernOffice_Interior/Prefabs/SNAPS_NoHD/StairCase_01_4m_snaps001.prefab using Guid(5f52a5120f1de6d4b8a490f2646760f8) Importer(815301076,1909f56bfc062723c751e8b465ee728b)  -> (artifact id: '456da9e1f6239bafe61d6bdcb4971e82') in 0.016870 seconds
  Import took 0.022306 seconds .

========================================================================
Received Import Request.
  Time since last request: 0.000190 seconds.
  path: Assets/AssetStoreOriginals/_SNAPS_PrototypingAssets/ModernOffice_Interior/Prefabs/SNAPS_NoHD/Neo_Ceiling_01_snaps001.prefab
  artifactKey: Guid(bd24722836be19f498fbdddf91572e01) Importer(815301076,1909f56bfc062723c751e8b465ee728b)
Start importing Assets/AssetStoreOriginals/_SNAPS_PrototypingAssets/ModernOffice_Interior/Prefabs/SNAPS_NoHD/Neo_Ceiling_01_snaps001.prefab using Guid(bd24722836be19f498fbdddf91572e01) Importer(815301076,1909f56bfc062723c751e8b465ee728b)  -> (artifact id: '059f42e73ef5e6138691199a672e99aa') in 0.016011 seconds
  Import took 0.021273 seconds .

========================================================================
Received Import Request.
  Time since last request: 0.000278 seconds.
  path: Assets/AssetStoreOriginals/_SNAPS_PrototypingAssets/ModernOffice_Interior/Prefabs/Props/Meshes
  artifactKey: Guid(b7a3e11351f130547a31bc4cd43391f2) Importer(815301076,1909f56bfc062723c751e8b465ee728b)
Start importing Assets/AssetStoreOriginals/_SNAPS_PrototypingAssets/ModernOffice_Interior/Prefabs/Props/Meshes using Guid(b7a3e11351f130547a31bc4cd43391f2) Importer(815301076,1909f56bfc062723c751e8b465ee728b)  -> (artifact id: 'cec77b07b58e5cacfa0061513dc3e7d8') in 0.005682 seconds
  Import took 0.010569 seconds .

========================================================================
Received Import Request.
  Time since last request: 0.000143 seconds.
  path: Assets/AssetStoreOriginals/_SNAPS_PrototypingAssets/ModernOffice_Interior/Prefabs/SNAPS_NoHD/Neo_Wall_Joint_4m_snaps001.prefab
  artifactKey: Guid(e1b1bc960ce75964bbcbef5953f67ad5) Importer(815301076,1909f56bfc062723c751e8b465ee728b)
Start importing Assets/AssetStoreOriginals/_SNAPS_PrototypingAssets/ModernOffice_Interior/Prefabs/SNAPS_NoHD/Neo_Wall_Joint_4m_snaps001.prefab using Guid(e1b1bc960ce75964bbcbef5953f67ad5) Importer(815301076,1909f56bfc062723c751e8b465ee728b)  -> (artifact id: 'c75108636a8c5f9231fa39d896a11e38') in 0.018512 seconds
  Import took 0.024682 seconds .

========================================================================
Received Import Request.
  Time since last request: 2.619855 seconds.
  path: Assets/AssetStoreOriginals/_SNAPS_PrototypingAssets/ModernOffice_Interior/SampleScenes
  artifactKey: Guid(4f704ae4b4f98ae41a0bce26658850c1) Importer(815301076,1909f56bfc062723c751e8b465ee728b)
Start importing Assets/AssetStoreOriginals/_SNAPS_PrototypingAssets/ModernOffice_Interior/SampleScenes using Guid(4f704ae4b4f98ae41a0bce26658850c1) Importer(815301076,1909f56bfc062723c751e8b465ee728b)  -> (artifact id: '7c36e9931decb0293e6d158e61ad6967') in 0.005013 seconds
  Import took 0.009849 seconds .

========================================================================
Received Import Request.
  Time since last request: 2.378171 seconds.
  path: Assets/AssetStoreOriginals/_SNAPS_PrototypingAssets/ModernOffice_Interior/Materials
  artifactKey: Guid(4a41d4b189ff7d94b9ad69b7ee595a3a) Importer(815301076,1909f56bfc062723c751e8b465ee728b)
Start importing Assets/AssetStoreOriginals/_SNAPS_PrototypingAssets/ModernOffice_Interior/Materials using Guid(4a41d4b189ff7d94b9ad69b7ee595a3a) Importer(815301076,1909f56bfc062723c751e8b465ee728b)  -> (artifact id: 'fbe8eea050e347fea2d6732fd3c23e32') in 0.004462 seconds
  Import took 0.009974 seconds .

========================================================================
Received Import Request.
  Time since last request: 7.756057 seconds.
  path: Assets/AssetStoreOriginals/_SNAPS_PrototypingAssets/About
  artifactKey: Guid(844809bda0ef59246a44bb3ec8a99a01) Importer(815301076,1909f56bfc062723c751e8b465ee728b)
Start importing Assets/AssetStoreOriginals/_SNAPS_PrototypingAssets/About using Guid(844809bda0ef59246a44bb3ec8a99a01) Importer(815301076,1909f56bfc062723c751e8b465ee728b)  -> (artifact id: '83e916aaf9bc022242ceaa1771ff537f') in 0.004913 seconds
  Import took 0.015407 seconds .

========================================================================
Received Import Request.
  Time since last request: 5.215848 seconds.
  path: Assets/AssetStoreOriginals/_SNAPS_PrototypingAssets/ModernOffice_Interior/Prefabs/Structure
  artifactKey: Guid(020ff81d9aab09e47aebe035db40f04d) Importer(815301076,1909f56bfc062723c751e8b465ee728b)
Start importing Assets/AssetStoreOriginals/_SNAPS_PrototypingAssets/ModernOffice_Interior/Prefabs/Structure using Guid(020ff81d9aab09e47aebe035db40f04d) Importer(815301076,1909f56bfc062723c751e8b465ee728b)  -> (artifact id: '9388f616ef4f6090e94dc5c6ca8c8ff3') in 0.005468 seconds
  Import took 0.011193 seconds .

========================================================================
Received Import Request.
  Time since last request: 1.075894 seconds.
  path: Assets/AssetStoreOriginals/_SNAPS_PrototypingAssets/ModernOffice_Interior/Prefabs/Structure/Walls
  artifactKey: Guid(0fcbcd8f4eba7af499ac988117c0d64b) Importer(815301076,1909f56bfc062723c751e8b465ee728b)
Start importing Assets/AssetStoreOriginals/_SNAPS_PrototypingAssets/ModernOffice_Interior/Prefabs/Structure/Walls using Guid(0fcbcd8f4eba7af499ac988117c0d64b) Importer(815301076,1909f56bfc062723c751e8b465ee728b)  -> (artifact id: '12de24aba2bc7e2e92f0ca142b6c8056') in 0.004983 seconds
  Import took 0.015934 seconds .

========================================================================
Received Import Request.
  Time since last request: 1.475422 seconds.
  path: Assets/AssetStoreOriginals/_SNAPS_PrototypingAssets/ModernOffice_Interior/Prefabs/Structure/Floors_Ceilings
  artifactKey: Guid(91b44f28efe17844892c4b18d1e6f2cc) Importer(815301076,1909f56bfc062723c751e8b465ee728b)
Start importing Assets/AssetStoreOriginals/_SNAPS_PrototypingAssets/ModernOffice_Interior/Prefabs/Structure/Floors_Ceilings using Guid(91b44f28efe17844892c4b18d1e6f2cc) Importer(815301076,1909f56bfc062723c751e8b465ee728b)  -> (artifact id: '05bdb7aaa8b95862f652abd6ce6e2a11') in 0.005130 seconds
  Import took 0.009464 seconds .

========================================================================
Received Import Request.
  Time since last request: 0.075475 seconds.
  path: Assets/AssetStoreOriginals/_SNAPS_PrototypingAssets/ModernOffice_Interior/Prefabs/Structure/Floors_Ceilings/Classic_Ceiling_01_snaps001.prefab
  artifactKey: Guid(98ed76314c8d820429b556f5a446e393) Importer(815301076,1909f56bfc062723c751e8b465ee728b)
Start importing Assets/AssetStoreOriginals/_SNAPS_PrototypingAssets/ModernOffice_Interior/Prefabs/Structure/Floors_Ceilings/Classic_Ceiling_01_snaps001.prefab using Guid(98ed76314c8d820429b556f5a446e393) Importer(815301076,1909f56bfc062723c751e8b465ee728b)  -> (artifact id: '385cdcc628cc2279b68d7ca8f00e296d') in 0.017632 seconds
  Import took 0.022157 seconds .

========================================================================
Received Import Request.
  Time since last request: 0.000173 seconds.
  path: Assets/AssetStoreOriginals/_SNAPS_PrototypingAssets/ModernOffice_Interior/Prefabs/Structure/Floors_Ceilings/Neo_Ceiling_02_snaps001.prefab
  artifactKey: Guid(293e268728ae1704b931bbef9043c082) Importer(815301076,1909f56bfc062723c751e8b465ee728b)
Start importing Assets/AssetStoreOriginals/_SNAPS_PrototypingAssets/ModernOffice_Interior/Prefabs/Structure/Floors_Ceilings/Neo_Ceiling_02_snaps001.prefab using Guid(293e268728ae1704b931bbef9043c082) Importer(815301076,1909f56bfc062723c751e8b465ee728b)  -> (artifact id: '24ccbfa89b5593914363022868f9591d') in 0.012286 seconds
  Import took 0.018301 seconds .

========================================================================
Received Import Request.
  Time since last request: 0.000158 seconds.
  path: Assets/AssetStoreOriginals/_SNAPS_PrototypingAssets/ModernOffice_Interior/Prefabs/Structure/Floors_Ceilings/Neo_Floor_02_snaps001.prefab
  artifactKey: Guid(9b1b38ad56a221f4bb6ad963a1996883) Importer(815301076,1909f56bfc062723c751e8b465ee728b)
Start importing Assets/AssetStoreOriginals/_SNAPS_PrototypingAssets/ModernOffice_Interior/Prefabs/Structure/Floors_Ceilings/Neo_Floor_02_snaps001.prefab using Guid(9b1b38ad56a221f4bb6ad963a1996883) Importer(815301076,1909f56bfc062723c751e8b465ee728b)  -> (artifact id: '9f4ec7be14cb3a178abdb91b98a38db0') in 0.011222 seconds
  Import took 0.015901 seconds .

========================================================================
Received Import Request.
  Time since last request: 0.000149 seconds.
  path: Assets/AssetStoreOriginals/_SNAPS_PrototypingAssets/ModernOffice_Interior/Prefabs/Structure/Floors_Ceilings/Neo_Floor_Ceiling_02_snaps001.prefab
  artifactKey: Guid(80a50c557bdf28d4bab26b2e0797562b) Importer(815301076,1909f56bfc062723c751e8b465ee728b)
Start importing Assets/AssetStoreOriginals/_SNAPS_PrototypingAssets/ModernOffice_Interior/Prefabs/Structure/Floors_Ceilings/Neo_Floor_Ceiling_02_snaps001.prefab using Guid(80a50c557bdf28d4bab26b2e0797562b) Importer(815301076,1909f56bfc062723c751e8b465ee728b)  -> (artifact id: '20dd5b2eae3536b1fad8a7ddcd8c0654') in 0.012748 seconds
  Import took 0.017653 seconds .

========================================================================
Received Import Request.
  Time since last request: 0.000156 seconds.
  path: Assets/AssetStoreOriginals/_SNAPS_PrototypingAssets/ModernOffice_Interior/Prefabs/Structure/Floors_Ceilings/Classic_Floor_01_snaps001.prefab
  artifactKey: Guid(d70a27546822c004b81f0b6ce1dda5aa) Importer(815301076,1909f56bfc062723c751e8b465ee728b)
Start importing Assets/AssetStoreOriginals/_SNAPS_PrototypingAssets/ModernOffice_Interior/Prefabs/Structure/Floors_Ceilings/Classic_Floor_01_snaps001.prefab using Guid(d70a27546822c004b81f0b6ce1dda5aa) Importer(815301076,1909f56bfc062723c751e8b465ee728b)  -> (artifact id: 'f1cd52c89ac561bf0271a82f1969b608') in 0.015123 seconds
  Import took 0.020127 seconds .

========================================================================
Received Import Request.
  Time since last request: 0.000151 seconds.
  path: Assets/AssetStoreOriginals/_SNAPS_PrototypingAssets/ModernOffice_Interior/Prefabs/Structure/Floors_Ceilings/Neo_Floor_01_snaps001.prefab
  artifactKey: Guid(238ac8785f3f5b947941aa4fd6e0ce86) Importer(815301076,1909f56bfc062723c751e8b465ee728b)
Start importing Assets/AssetStoreOriginals/_SNAPS_PrototypingAssets/ModernOffice_Interior/Prefabs/Structure/Floors_Ceilings/Neo_Floor_01_snaps001.prefab using Guid(238ac8785f3f5b947941aa4fd6e0ce86) Importer(815301076,1909f56bfc062723c751e8b465ee728b)  -> (artifact id: 'c0611d8bc764a2dd2457557a50b50ac7') in 0.011679 seconds
  Import took 0.017051 seconds .

========================================================================
Received Prepare
Registering precompiled user dll's ...
Registered in 0.002497 seconds.
Begin MonoManager ReloadAssembly
Native extension for WindowsStandalone target not found
Refreshing native plugins compatible for Editor in 0.54 ms, found 0 plugins.
Preloading 0 native plugins for Editor in 0.00 ms.
Warning: Annotation not found!
UnityEngine.StackTraceUtility:ExtractStackTrace ()
UnityEditor.ProBuilder.EditorUtility:SetGizmoIconEnabled (System.Type,bool) (at Library/PackageCache/com.unity.probuilder@5.0.3/Editor/EditorCore/EditorUtility.cs:575)
UnityEditor.ProBuilder.HierarchyListener:.cctor () (at Library/PackageCache/com.unity.probuilder@5.0.3/Editor/EditorCore/HierarchyListener.cs:21)
System.Runtime.CompilerServices.RuntimeHelpers:RunClassConstructor (System.RuntimeTypeHandle)
UnityEditor.EditorAssemblies:ProcessInitializeOnLoadAttributes (System.Type[])

[Library/PackageCache/com.unity.probuilder@5.0.3/Editor/EditorCore/EditorUtility.cs line 575]

Invoked RoslynAnalysisRunner static constructor.
RoslynAnalysisRunner will not be running.
RoslynAnalysisRunner has terminated.
Mono: successfully reloaded assembly
- Completed reload, in  0.821 seconds
Platform modules already initialized, skipping
Shader 'Universal Render Pipeline/Particles/Lit': fallback shader 'Universal Render Pipeline/Particles/SimpleLit' not found
Shader 'WFX/Transparent Diffuse': fallback shader 'Particles/Alpha Blended' not found
Shader 'Universal Render Pipeline/Particles/Lit': fallback shader 'Universal Render Pipeline/Particles/SimpleLit' not found
Shader 'WFX/Transparent Specular': fallback shader 'Particles/Alpha Blended' not found
Refreshing native plugins compatible for Editor in 0.56 ms, found 0 plugins.
Preloading 0 native plugins for Editor in 0.00 ms.
Unloading 3033 Unused Serialized files (Serialized files now loaded: 0)
System memory in use before: 145.2 MB.
System memory in use after: 142.4 MB.

Unloading 49 unused Assets to reduce memory usage. Loaded Objects now: 3613.
Total: 3.279200 ms (FindLiveObjects: 0.254200 ms CreateObjectMapping: 0.136600 ms MarkObjects: 1.784000 ms  DeleteObjects: 1.103700 ms)

========================================================================
Received Prepare
Registering precompiled user dll's ...
Registered in 0.003287 seconds.
Begin MonoManager ReloadAssembly
Native extension for WindowsStandalone target not found
Refreshing native plugins compatible for Editor in 1.03 ms, found 0 plugins.
Preloading 0 native plugins for Editor in 0.00 ms.
Warning: Annotation not found!
UnityEngine.StackTraceUtility:ExtractStackTrace ()
UnityEditor.ProBuilder.EditorUtility:SetGizmoIconEnabled (System.Type,bool) (at Library/PackageCache/com.unity.probuilder@5.0.3/Editor/EditorCore/EditorUtility.cs:575)
UnityEditor.ProBuilder.HierarchyListener:.cctor () (at Library/PackageCache/com.unity.probuilder@5.0.3/Editor/EditorCore/HierarchyListener.cs:21)
System.Runtime.CompilerServices.RuntimeHelpers:RunClassConstructor (System.RuntimeTypeHandle)
UnityEditor.EditorAssemblies:ProcessInitializeOnLoadAttributes (System.Type[])

[Library/PackageCache/com.unity.probuilder@5.0.3/Editor/EditorCore/EditorUtility.cs line 575]

Invoked RoslynAnalysisRunner static constructor.
RoslynAnalysisRunner will not be running.
RoslynAnalysisRunner has terminated.
Mono: successfully reloaded assembly
- Completed reload, in  1.008 seconds
Platform modules already initialized, skipping
Shader 'Universal Render Pipeline/Particles/Lit': fallback shader 'Universal Render Pipeline/Particles/SimpleLit' not found
Shader 'Universal Render Pipeline/Particles/Lit': fallback shader 'Universal Render Pipeline/Particles/SimpleLit' not found
Shader 'WFX/Transparent Diffuse': fallback shader 'Particles/Alpha Blended' not found
Shader 'WFX/Transparent Specular': fallback shader 'Particles/Alpha Blended' not found
Refreshing native plugins compatible for Editor in 0.84 ms, found 0 plugins.
Preloading 0 native plugins for Editor in 0.00 ms.
Unloading 3033 Unused Serialized files (Serialized files now loaded: 0)
System memory in use before: 145.2 MB.
System memory in use after: 142.5 MB.

Unloading 49 unused Assets to reduce memory usage. Loaded Objects now: 3616.
Total: 4.917300 ms (FindLiveObjects: 0.451500 ms CreateObjectMapping: 0.232000 ms MarkObjects: 2.728500 ms  DeleteObjects: 1.503700 ms)

========================================================================
Received Import Request.
  Time since last request: 1790.734920 seconds.
  path: Assets/AssetStoreOriginals/_SNAPS_PrototypingAssets/ModernOffice_Interior/Prefabs/Structure/Floors_Ceilings/Meshes
  artifactKey: Guid(0ec59949fba413d4eb524d76a35981d9) Importer(815301076,1909f56bfc062723c751e8b465ee728b)
Start importing Assets/AssetStoreOriginals/_SNAPS_PrototypingAssets/ModernOffice_Interior/Prefabs/Structure/Floors_Ceilings/Meshes using Guid(0ec59949fba413d4eb524d76a35981d9) Importer(815301076,1909f56bfc062723c751e8b465ee728b)  -> (artifact id: '9a30b0e91c930d39530f13706e379c94') in 0.011647 seconds
  Import took 0.016814 seconds .

========================================================================
Received Import Request.
  Time since last request: 14.922654 seconds.
  path: Assets/AssetStoreOriginals/_SNAPS_PrototypingAssets/ModernOffice_Interior/Prefabs/Structure/Doors_Windows
  artifactKey: Guid(5e11f01ed3fa81b4489d463333dbb8ba) Importer(815301076,1909f56bfc062723c751e8b465ee728b)
Start importing Assets/AssetStoreOriginals/_SNAPS_PrototypingAssets/ModernOffice_Interior/Prefabs/Structure/Doors_Windows using Guid(5e11f01ed3fa81b4489d463333dbb8ba) Importer(815301076,1909f56bfc062723c751e8b465ee728b)  -> (artifact id: 'da59201feac061eca56b2744ec07e6a2') in 0.004840 seconds
  Import took 0.009021 seconds .

========================================================================
Received Import Request.
  Time since last request: 0.159546 seconds.
  path: Assets/AssetStoreOriginals/_SNAPS_PrototypingAssets/ModernOffice_Interior/Prefabs/Structure/Doors_Windows/Classic_Door_01_snaps001.prefab
  artifactKey: Guid(bddc1c2bd8f610b4a9602b0663b4823e) Importer(815301076,1909f56bfc062723c751e8b465ee728b)
Start importing Assets/AssetStoreOriginals/_SNAPS_PrototypingAssets/ModernOffice_Interior/Prefabs/Structure/Doors_Windows/Classic_Door_01_snaps001.prefab using Guid(bddc1c2bd8f610b4a9602b0663b4823e) Importer(815301076,1909f56bfc062723c751e8b465ee728b)  -> (artifact id: '05a5224d882928e4e7baa1a5b44b20b5') in 0.125323 seconds
  Import took 0.129527 seconds .

========================================================================
Received Import Request.
  Time since last request: 0.000129 seconds.
  path: Assets/AssetStoreOriginals/_SNAPS_PrototypingAssets/ModernOffice_Interior/Prefabs/Structure/Doors_Windows/Classic_DoubleDoor_01_snaps001.prefab
  artifactKey: Guid(d82bc42a44b50814b814b25caf68fa8a) Importer(815301076,1909f56bfc062723c751e8b465ee728b)
Start importing Assets/AssetStoreOriginals/_SNAPS_PrototypingAssets/ModernOffice_Interior/Prefabs/Structure/Doors_Windows/Classic_DoubleDoor_01_snaps001.prefab using Guid(d82bc42a44b50814b814b25caf68fa8a) Importer(815301076,1909f56bfc062723c751e8b465ee728b)  -> (artifact id: 'c644823a710affe7078b3d77950563b2') in 0.020795 seconds
  Import took 0.024542 seconds .

========================================================================
Received Import Request.
  Time since last request: 0.000160 seconds.
  path: Assets/AssetStoreOriginals/_SNAPS_PrototypingAssets/ModernOffice_Interior/Prefabs/Structure/Doors_Windows/Classic_Window_02_snaps001.prefab
  artifactKey: Guid(5cfeca0fba4439343aa66e44fe5a9767) Importer(815301076,1909f56bfc062723c751e8b465ee728b)
Start importing Assets/AssetStoreOriginals/_SNAPS_PrototypingAssets/ModernOffice_Interior/Prefabs/Structure/Doors_Windows/Classic_Window_02_snaps001.prefab using Guid(5cfeca0fba4439343aa66e44fe5a9767) Importer(815301076,1909f56bfc062723c751e8b465ee728b)  -> (artifact id: '7cedd0b30f0f373fc9da347d85547310') in 0.015388 seconds
  Import took 0.019700 seconds .

========================================================================
Received Import Request.
  Time since last request: 0.000128 seconds.
  path: Assets/AssetStoreOriginals/_SNAPS_PrototypingAssets/ModernOffice_Interior/Prefabs/Structure/Doors_Windows/Neo_Window_04_snaps001.prefab
  artifactKey: Guid(7185e7270a77b1b4587cedd0415953f9) Importer(815301076,1909f56bfc062723c751e8b465ee728b)
Start importing Assets/AssetStoreOriginals/_SNAPS_PrototypingAssets/ModernOffice_Interior/Prefabs/Structure/Doors_Windows/Neo_Window_04_snaps001.prefab using Guid(7185e7270a77b1b4587cedd0415953f9) Importer(815301076,1909f56bfc062723c751e8b465ee728b)  -> (artifact id: '94fbcb7a02359ef9465b438a89de5e94') in 0.014575 seconds
  Import took 0.018608 seconds .

========================================================================
Received Import Request.
  Time since last request: 0.000151 seconds.
  path: Assets/AssetStoreOriginals/_SNAPS_PrototypingAssets/ModernOffice_Interior/Prefabs/Structure/Doors_Windows/Neo_Window_02_snaps001.prefab
  artifactKey: Guid(fefd0a6fc0e4de748b02c804f346d04c) Importer(815301076,1909f56bfc062723c751e8b465ee728b)
Start importing Assets/AssetStoreOriginals/_SNAPS_PrototypingAssets/ModernOffice_Interior/Prefabs/Structure/Doors_Windows/Neo_Window_02_snaps001.prefab using Guid(fefd0a6fc0e4de748b02c804f346d04c) Importer(815301076,1909f56bfc062723c751e8b465ee728b)  -> (artifact id: 'ac26401ba52de1ec04cab383644688da') in 0.014492 seconds
  Import took 0.018630 seconds .

========================================================================
Received Import Request.
  Time since last request: 0.000140 seconds.
  path: Assets/AssetStoreOriginals/_SNAPS_PrototypingAssets/ModernOffice_Interior/Prefabs/Structure/Doors_Windows/Neo_Window_03_snaps001.prefab
  artifactKey: Guid(6304a01768bae4e468526e3fbe4e197b) Importer(815301076,1909f56bfc062723c751e8b465ee728b)
Start importing Assets/AssetStoreOriginals/_SNAPS_PrototypingAssets/ModernOffice_Interior/Prefabs/Structure/Doors_Windows/Neo_Window_03_snaps001.prefab using Guid(6304a01768bae4e468526e3fbe4e197b) Importer(815301076,1909f56bfc062723c751e8b465ee728b)  -> (artifact id: 'c357699cf7f17bb899958427c16aaeb8') in 0.014836 seconds
  Import took 0.019474 seconds .

========================================================================
Received Import Request.
  Time since last request: 0.000140 seconds.
  path: Assets/AssetStoreOriginals/_SNAPS_PrototypingAssets/ModernOffice_Interior/Prefabs/Structure/Doors_Windows/Neo_DoubleDoor_01_snaps001.prefab
  artifactKey: Guid(b6ab41f6f3dff8c4f856c726c6bd1f9d) Importer(815301076,1909f56bfc062723c751e8b465ee728b)
Start importing Assets/AssetStoreOriginals/_SNAPS_PrototypingAssets/ModernOffice_Interior/Prefabs/Structure/Doors_Windows/Neo_DoubleDoor_01_snaps001.prefab using Guid(b6ab41f6f3dff8c4f856c726c6bd1f9d) Importer(815301076,1909f56bfc062723c751e8b465ee728b)  -> (artifact id: '7be8ddccfb38191d0e6db592cfea4b30') in 0.014946 seconds
  Import took 0.019085 seconds .

========================================================================
Received Import Request.
  Time since last request: 0.000152 seconds.
  path: Assets/AssetStoreOriginals/_SNAPS_PrototypingAssets/ModernOffice_Interior/Prefabs/Structure/Doors_Windows/Classic_Window_03_snaps001.prefab
  artifactKey: Guid(2ad26ea27b3cfdd4d9ad9f7c8528df94) Importer(815301076,1909f56bfc062723c751e8b465ee728b)
Start importing Assets/AssetStoreOriginals/_SNAPS_PrototypingAssets/ModernOffice_Interior/Prefabs/Structure/Doors_Windows/Classic_Window_03_snaps001.prefab using Guid(2ad26ea27b3cfdd4d9ad9f7c8528df94) Importer(815301076,1909f56bfc062723c751e8b465ee728b)  -> (artifact id: 'f1a1324b69ba01141af41772099fcd0c') in 0.015013 seconds
  Import took 0.019203 seconds .

========================================================================
Received Import Request.
  Time since last request: 0.000124 seconds.
  path: Assets/AssetStoreOriginals/_SNAPS_PrototypingAssets/ModernOffice_Interior/Prefabs/Structure/Doors_Windows/Neo_Window_01_snaps001.prefab
  artifactKey: Guid(bffc3aa20b81e244687b7d6c4451c7ff) Importer(815301076,1909f56bfc062723c751e8b465ee728b)
Start importing Assets/AssetStoreOriginals/_SNAPS_PrototypingAssets/ModernOffice_Interior/Prefabs/Structure/Doors_Windows/Neo_Window_01_snaps001.prefab using Guid(bffc3aa20b81e244687b7d6c4451c7ff) Importer(815301076,1909f56bfc062723c751e8b465ee728b)  -> (artifact id: '28d9f8a8ba7ce6f279af2c4939cac1d0') in 0.015451 seconds
  Import took 0.020243 seconds .

========================================================================
Received Import Request.
  Time since last request: 0.000150 seconds.
  path: Assets/AssetStoreOriginals/_SNAPS_PrototypingAssets/ModernOffice_Interior/Prefabs/Structure/Doors_Windows/Classic_Window_01_snaps001.prefab
  artifactKey: Guid(285813f2f8183d548b81784d33f4ee22) Importer(815301076,1909f56bfc062723c751e8b465ee728b)
Start importing Assets/AssetStoreOriginals/_SNAPS_PrototypingAssets/ModernOffice_Interior/Prefabs/Structure/Doors_Windows/Classic_Window_01_snaps001.prefab using Guid(285813f2f8183d548b81784d33f4ee22) Importer(815301076,1909f56bfc062723c751e8b465ee728b)  -> (artifact id: '5843455ede6e65900e3a3ee471813221') in 0.014556 seconds
  Import took 0.019042 seconds .

========================================================================
Received Import Request.
  Time since last request: 0.000140 seconds.
  path: Assets/AssetStoreOriginals/_SNAPS_PrototypingAssets/ModernOffice_Interior/Prefabs/Structure/Doors_Windows/Neo_Door_01_snaps001.prefab
  artifactKey: Guid(548b55d3e2f945942be6ac7612199877) Importer(815301076,1909f56bfc062723c751e8b465ee728b)
Start importing Assets/AssetStoreOriginals/_SNAPS_PrototypingAssets/ModernOffice_Interior/Prefabs/Structure/Doors_Windows/Neo_Door_01_snaps001.prefab using Guid(548b55d3e2f945942be6ac7612199877) Importer(815301076,1909f56bfc062723c751e8b465ee728b)  -> (artifact id: '7c33953f88c23581d983bf2b43e8edbf') in 0.015186 seconds
  Import took 0.020258 seconds .

========================================================================
Received Import Request.
  Time since last request: 1722.729376 seconds.
  path: Assets/AssetStoreOriginals/_SNAPS_PrototypingAssets/ModernOffice_Interior/Prefabs/Structure/Walls/Classic_Wall_Corner_snaps001.prefab
  artifactKey: Guid(2dd6a41bf3754ca45a0c700ba7da1771) Importer(815301076,1909f56bfc062723c751e8b465ee728b)
Start importing Assets/AssetStoreOriginals/_SNAPS_PrototypingAssets/ModernOffice_Interior/Prefabs/Structure/Walls/Classic_Wall_Corner_snaps001.prefab using Guid(2dd6a41bf3754ca45a0c700ba7da1771) Importer(815301076,1909f56bfc062723c751e8b465ee728b)  -> (artifact id: '6403704c5d609d9294e70cb7de2fd37e') in 0.032681 seconds
  Import took 0.037500 seconds .

========================================================================
Received Import Request.
  Time since last request: 0.000139 seconds.
  path: Assets/AssetStoreOriginals/_SNAPS_PrototypingAssets/ModernOffice_Interior/Prefabs/Structure/Walls/Classic_WallDoorFrame_01_snaps001.prefab
  artifactKey: Guid(6f8e2bbc0740f60409afee2840eebd2f) Importer(815301076,1909f56bfc062723c751e8b465ee728b)
Start importing Assets/AssetStoreOriginals/_SNAPS_PrototypingAssets/ModernOffice_Interior/Prefabs/Structure/Walls/Classic_WallDoorFrame_01_snaps001.prefab using Guid(6f8e2bbc0740f60409afee2840eebd2f) Importer(815301076,1909f56bfc062723c751e8b465ee728b)  -> (artifact id: '68baacd6d9add55d7c84f3012e9faae2') in 0.014007 seconds
  Import took 0.018350 seconds .

========================================================================
Received Import Request.
  Time since last request: 0.000134 seconds.
  path: Assets/AssetStoreOriginals/_SNAPS_PrototypingAssets/ModernOffice_Interior/Prefabs/Structure/Walls/Classic_WallWindow_02_snaps001.prefab
  artifactKey: Guid(37a8ccf3c573ef34d8b175f6fe0e578b) Importer(815301076,1909f56bfc062723c751e8b465ee728b)
Start importing Assets/AssetStoreOriginals/_SNAPS_PrototypingAssets/ModernOffice_Interior/Prefabs/Structure/Walls/Classic_WallWindow_02_snaps001.prefab using Guid(37a8ccf3c573ef34d8b175f6fe0e578b) Importer(815301076,1909f56bfc062723c751e8b465ee728b)  -> (artifact id: '2f20c7665a36b97386a6a80f36ebd884') in 0.014443 seconds
  Import took 0.018690 seconds .

========================================================================
Received Import Request.
  Time since last request: 0.000143 seconds.
  path: Assets/AssetStoreOriginals/_SNAPS_PrototypingAssets/ModernOffice_Interior/Prefabs/Structure/Walls/Neo_Wall_Corner_snaps001.prefab
  artifactKey: Guid(7314c015f88e565459fd79bfb3d7cb82) Importer(815301076,1909f56bfc062723c751e8b465ee728b)
Start importing Assets/AssetStoreOriginals/_SNAPS_PrototypingAssets/ModernOffice_Interior/Prefabs/Structure/Walls/Neo_Wall_Corner_snaps001.prefab using Guid(7314c015f88e565459fd79bfb3d7cb82) Importer(815301076,1909f56bfc062723c751e8b465ee728b)  -> (artifact id: 'e68d77ce9a449055ad68a243aa0e8dd1') in 0.009178 seconds
  Import took 0.013107 seconds .

========================================================================
Received Import Request.
  Time since last request: 0.000143 seconds.
  path: Assets/AssetStoreOriginals/_SNAPS_PrototypingAssets/ModernOffice_Interior/Prefabs/Structure/Walls/Classic_WallWindow_01_snaps001.prefab
  artifactKey: Guid(b171e372a9c9ca84b9633f9e64b653c8) Importer(815301076,1909f56bfc062723c751e8b465ee728b)
Start importing Assets/AssetStoreOriginals/_SNAPS_PrototypingAssets/ModernOffice_Interior/Prefabs/Structure/Walls/Classic_WallWindow_01_snaps001.prefab using Guid(b171e372a9c9ca84b9633f9e64b653c8) Importer(815301076,1909f56bfc062723c751e8b465ee728b)  -> (artifact id: '225b0ac3086cc66d4fca1706a30a6738') in 0.013900 seconds
  Import took 0.017913 seconds .

========================================================================
Received Import Request.
  Time since last request: 0.000139 seconds.
  path: Assets/AssetStoreOriginals/_SNAPS_PrototypingAssets/ModernOffice_Interior/Prefabs/Structure/Walls/Neo_Wall_snaps001.prefab
  artifactKey: Guid(c73151b2c863d094393f47d50c325553) Importer(815301076,1909f56bfc062723c751e8b465ee728b)
Start importing Assets/AssetStoreOriginals/_SNAPS_PrototypingAssets/ModernOffice_Interior/Prefabs/Structure/Walls/Neo_Wall_snaps001.prefab using Guid(c73151b2c863d094393f47d50c325553) Importer(815301076,1909f56bfc062723c751e8b465ee728b)  -> (artifact id: '25419aca5a862bc3e88212bc8224aea2') in 0.010288 seconds
  Import took 0.014131 seconds .

========================================================================
Received Import Request.
  Time since last request: 0.000159 seconds.
  path: Assets/AssetStoreOriginals/_SNAPS_PrototypingAssets/ModernOffice_Interior/Prefabs/Structure/Walls/Neo_WallWindowFrame_03_snaps001.prefab
  artifactKey: Guid(ba119e6cbefaaa641aeef16f2b469789) Importer(815301076,1909f56bfc062723c751e8b465ee728b)
Start importing Assets/AssetStoreOriginals/_SNAPS_PrototypingAssets/ModernOffice_Interior/Prefabs/Structure/Walls/Neo_WallWindowFrame_03_snaps001.prefab using Guid(ba119e6cbefaaa641aeef16f2b469789) Importer(815301076,1909f56bfc062723c751e8b465ee728b)  -> (artifact id: 'cb1c648a38761baa332f36c3cab09ece') in 0.013948 seconds
  Import took 0.018351 seconds .

========================================================================
Received Import Request.
  Time since last request: 0.000134 seconds.
  path: Assets/AssetStoreOriginals/_SNAPS_PrototypingAssets/ModernOffice_Interior/Prefabs/Structure/Walls/Neo_WallDoor_01_snaps001.prefab
  artifactKey: Guid(931d1b5cc52936e46b14c0707781d2af) Importer(815301076,1909f56bfc062723c751e8b465ee728b)
Start importing Assets/AssetStoreOriginals/_SNAPS_PrototypingAssets/ModernOffice_Interior/Prefabs/Structure/Walls/Neo_WallDoor_01_snaps001.prefab using Guid(931d1b5cc52936e46b14c0707781d2af) Importer(815301076,1909f56bfc062723c751e8b465ee728b)  -> (artifact id: '0ddf866f57ae7789bf8fc1cecb678db1') in 0.011636 seconds
  Import took 0.015912 seconds .

========================================================================
Received Import Request.
  Time since last request: 0.000166 seconds.
  path: Assets/AssetStoreOriginals/_SNAPS_PrototypingAssets/ModernOffice_Interior/Prefabs/Structure/Walls/Classic_WallWindowFrame_01_snaps001.prefab
  artifactKey: Guid(968483ee22b5faa4fbc63a7da9069c8d) Importer(815301076,1909f56bfc062723c751e8b465ee728b)
Start importing Assets/AssetStoreOriginals/_SNAPS_PrototypingAssets/ModernOffice_Interior/Prefabs/Structure/Walls/Classic_WallWindowFrame_01_snaps001.prefab using Guid(968483ee22b5faa4fbc63a7da9069c8d) Importer(815301076,1909f56bfc062723c751e8b465ee728b)  -> (artifact id: '8fbae4dc2e07d437d8f100e9dc9d8110') in 0.015391 seconds
  Import took 0.020457 seconds .

========================================================================
Received Import Request.
  Time since last request: 0.000195 seconds.
  path: Assets/AssetStoreOriginals/_SNAPS_PrototypingAssets/ModernOffice_Interior/Prefabs/Structure/Walls/Neo_WallDoubleDoorFrame_snaps001.prefab
  artifactKey: Guid(da357e76d65d042449b88c33e35ff8fd) Importer(815301076,1909f56bfc062723c751e8b465ee728b)
Start importing Assets/AssetStoreOriginals/_SNAPS_PrototypingAssets/ModernOffice_Interior/Prefabs/Structure/Walls/Neo_WallDoubleDoorFrame_snaps001.prefab using Guid(da357e76d65d042449b88c33e35ff8fd) Importer(815301076,1909f56bfc062723c751e8b465ee728b)  -> (artifact id: '797bc03e618f47c6f9253532aa5808ec') in 0.015069 seconds
  Import took 0.019819 seconds .

========================================================================
Received Import Request.
  Time since last request: 0.000164 seconds.
  path: Assets/AssetStoreOriginals/_SNAPS_PrototypingAssets/ModernOffice_Interior/Prefabs/Structure/Walls/Classic_WallDoorFrame_02_snaps001.prefab
  artifactKey: Guid(7843b542e9ef1324fa4cadf54f39397f) Importer(815301076,1909f56bfc062723c751e8b465ee728b)
Start importing Assets/AssetStoreOriginals/_SNAPS_PrototypingAssets/ModernOffice_Interior/Prefabs/Structure/Walls/Classic_WallDoorFrame_02_snaps001.prefab using Guid(7843b542e9ef1324fa4cadf54f39397f) Importer(815301076,1909f56bfc062723c751e8b465ee728b)  -> (artifact id: '3318800a93af8aef5b6eceb354a4ece1') in 0.014792 seconds
  Import took 0.019619 seconds .

========================================================================
Received Import Request.
  Time since last request: 0.000169 seconds.
  path: Assets/AssetStoreOriginals/_SNAPS_PrototypingAssets/ModernOffice_Interior/Prefabs/Structure/Walls/Classic_Wall_snaps001.prefab
  artifactKey: Guid(aef7c887e1f419b45b3e480ff017b110) Importer(815301076,1909f56bfc062723c751e8b465ee728b)
Start importing Assets/AssetStoreOriginals/_SNAPS_PrototypingAssets/ModernOffice_Interior/Prefabs/Structure/Walls/Classic_Wall_snaps001.prefab using Guid(aef7c887e1f419b45b3e480ff017b110) Importer(815301076,1909f56bfc062723c751e8b465ee728b)  -> (artifact id: '11ca1436899967edd7d464d762f2cc22') in 0.014334 seconds
  Import took 0.019238 seconds .

========================================================================
Received Import Request.
  Time since last request: 0.000164 seconds.
  path: Assets/AssetStoreOriginals/_SNAPS_PrototypingAssets/ModernOffice_Interior/Prefabs/Structure/Walls/Neo_WallWindowFrame_01_snaps001.prefab
  artifactKey: Guid(a6cfa23a67009a041bb5b424e08f6a6c) Importer(815301076,1909f56bfc062723c751e8b465ee728b)
Start importing Assets/AssetStoreOriginals/_SNAPS_PrototypingAssets/ModernOffice_Interior/Prefabs/Structure/Walls/Neo_WallWindowFrame_01_snaps001.prefab using Guid(a6cfa23a67009a041bb5b424e08f6a6c) Importer(815301076,1909f56bfc062723c751e8b465ee728b)  -> (artifact id: 'b13d881195f579b18e7218257e6bfcbe') in 0.015401 seconds
  Import took 0.019724 seconds .

========================================================================
Received Import Request.
  Time since last request: 0.000142 seconds.
  path: Assets/AssetStoreOriginals/_SNAPS_PrototypingAssets/ModernOffice_Interior/Prefabs/Structure/Walls/Neo_WallWindowFrame_02_snaps001.prefab
  artifactKey: Guid(a55ec49cd75394148809f19cae676988) Importer(815301076,1909f56bfc062723c751e8b465ee728b)
Start importing Assets/AssetStoreOriginals/_SNAPS_PrototypingAssets/ModernOffice_Interior/Prefabs/Structure/Walls/Neo_WallWindowFrame_02_snaps001.prefab using Guid(a55ec49cd75394148809f19cae676988) Importer(815301076,1909f56bfc062723c751e8b465ee728b)  -> (artifact id: '6161a12e65621899f4d412388beff077') in 0.015189 seconds
  Import took 0.019940 seconds .

========================================================================
Received Import Request.
  Time since last request: 0.000171 seconds.
  path: Assets/AssetStoreOriginals/_SNAPS_PrototypingAssets/ModernOffice_Interior/Prefabs/Structure/Walls/Partition_Wall_Corner_snaps001.prefab
  artifactKey: Guid(efe8d45bdcec50f4b986a04711a3ce26) Importer(815301076,1909f56bfc062723c751e8b465ee728b)
Start importing Assets/AssetStoreOriginals/_SNAPS_PrototypingAssets/ModernOffice_Interior/Prefabs/Structure/Walls/Partition_Wall_Corner_snaps001.prefab using Guid(efe8d45bdcec50f4b986a04711a3ce26) Importer(815301076,1909f56bfc062723c751e8b465ee728b)  -> (artifact id: '97b1a1abe855b23a797d7d3248d5e592') in 0.015372 seconds
  Import took 0.019673 seconds .

========================================================================
Received Import Request.
  Time since last request: 0.000176 seconds.
  path: Assets/AssetStoreOriginals/_SNAPS_PrototypingAssets/ModernOffice_Interior/Prefabs/Structure/Walls/Partition_Wall_snaps001.prefab
  artifactKey: Guid(c82ff6aa1a9d4d442bb9d9e2c82a85ed) Importer(815301076,1909f56bfc062723c751e8b465ee728b)
Start importing Assets/AssetStoreOriginals/_SNAPS_PrototypingAssets/ModernOffice_Interior/Prefabs/Structure/Walls/Partition_Wall_snaps001.prefab using Guid(c82ff6aa1a9d4d442bb9d9e2c82a85ed) Importer(815301076,1909f56bfc062723c751e8b465ee728b)  -> (artifact id: 'f1978a05d636f9346e699a3711c7fbb7') in 0.014575 seconds
  Import took 0.019314 seconds .

========================================================================
Received Import Request.
  Time since last request: 0.000161 seconds.
  path: Assets/AssetStoreOriginals/_SNAPS_PrototypingAssets/ModernOffice_Interior/Prefabs/Structure/Walls/Neo_Wall_Joint_snaps001.prefab
  artifactKey: Guid(245acdad429fd1444a3ccf79254593b3) Importer(815301076,1909f56bfc062723c751e8b465ee728b)
Start importing Assets/AssetStoreOriginals/_SNAPS_PrototypingAssets/ModernOffice_Interior/Prefabs/Structure/Walls/Neo_Wall_Joint_snaps001.prefab using Guid(245acdad429fd1444a3ccf79254593b3) Importer(815301076,1909f56bfc062723c751e8b465ee728b)  -> (artifact id: 'ae6407066b52a3e33102985e9831d947') in 0.015634 seconds
  Import took 0.020380 seconds .

========================================================================
Received Import Request.
  Time since last request: 0.000156 seconds.
  path: Assets/AssetStoreOriginals/_SNAPS_PrototypingAssets/ModernOffice_Interior/Prefabs/Structure/Walls/Classic_Wall_Joint_snaps001.prefab
  artifactKey: Guid(cf521d014e4d5e64da2989f0bb3c82f3) Importer(815301076,1909f56bfc062723c751e8b465ee728b)
Start importing Assets/AssetStoreOriginals/_SNAPS_PrototypingAssets/ModernOffice_Interior/Prefabs/Structure/Walls/Classic_Wall_Joint_snaps001.prefab using Guid(cf521d014e4d5e64da2989f0bb3c82f3) Importer(815301076,1909f56bfc062723c751e8b465ee728b)  -> (artifact id: 'f7cb9cab271f429bc932a0e6a1b238b9') in 0.017349 seconds
  Import took 0.022125 seconds .

========================================================================
Received Import Request.
  Time since last request: 0.000146 seconds.
  path: Assets/AssetStoreOriginals/_SNAPS_PrototypingAssets/ModernOffice_Interior/Prefabs/Structure/Walls/Classic_WallWindowFrame_02_snaps001.prefab
  artifactKey: Guid(19cb042b07d2f2e4585682c3d6afb7bf) Importer(815301076,1909f56bfc062723c751e8b465ee728b)
Start importing Assets/AssetStoreOriginals/_SNAPS_PrototypingAssets/ModernOffice_Interior/Prefabs/Structure/Walls/Classic_WallWindowFrame_02_snaps001.prefab using Guid(19cb042b07d2f2e4585682c3d6afb7bf) Importer(815301076,1909f56bfc062723c751e8b465ee728b)  -> (artifact id: 'd10eb63692a89acd32834402ad070083') in 0.017179 seconds
  Import took 0.021628 seconds .

========================================================================
Received Import Request.
  Time since last request: 0.000133 seconds.
  path: Assets/AssetStoreOriginals/_SNAPS_PrototypingAssets/ModernOffice_Interior/Prefabs/Structure/Walls/Neo_WallWindow_02_snaps001.prefab
  artifactKey: Guid(0d6466bed683c6a419f3982208f39489) Importer(815301076,1909f56bfc062723c751e8b465ee728b)
Start importing Assets/AssetStoreOriginals/_SNAPS_PrototypingAssets/ModernOffice_Interior/Prefabs/Structure/Walls/Neo_WallWindow_02_snaps001.prefab using Guid(0d6466bed683c6a419f3982208f39489) Importer(815301076,1909f56bfc062723c751e8b465ee728b)  -> (artifact id: 'b4e6e040b469552b85aec987f75814e0') in 0.016005 seconds
  Import took 0.020425 seconds .

========================================================================
Received Import Request.
  Time since last request: 0.000139 seconds.
  path: Assets/AssetStoreOriginals/_SNAPS_PrototypingAssets/ModernOffice_Interior/Prefabs/Structure/Walls/Classic_WallDoubleDoorFrame_01_snaps001.prefab
  artifactKey: Guid(db44937cbec05d74b81e4013f67615ac) Importer(815301076,1909f56bfc062723c751e8b465ee728b)
Start importing Assets/AssetStoreOriginals/_SNAPS_PrototypingAssets/ModernOffice_Interior/Prefabs/Structure/Walls/Classic_WallDoubleDoorFrame_01_snaps001.prefab using Guid(db44937cbec05d74b81e4013f67615ac) Importer(815301076,1909f56bfc062723c751e8b465ee728b)  -> (artifact id: '4b2ea51380a5e85df74ee111aecd5247') in 0.016118 seconds
  Import took 0.020476 seconds .

========================================================================
Received Import Request.
  Time since last request: 0.000144 seconds.
  path: Assets/AssetStoreOriginals/_SNAPS_PrototypingAssets/ModernOffice_Interior/Prefabs/Structure/Walls/Neo_WallWindow_03_snaps001.prefab
  artifactKey: Guid(ad9ac39afd89d5b4eb630c125e167a9b) Importer(815301076,1909f56bfc062723c751e8b465ee728b)
Start importing Assets/AssetStoreOriginals/_SNAPS_PrototypingAssets/ModernOffice_Interior/Prefabs/Structure/Walls/Neo_WallWindow_03_snaps001.prefab using Guid(ad9ac39afd89d5b4eb630c125e167a9b) Importer(815301076,1909f56bfc062723c751e8b465ee728b)  -> (artifact id: '6986f05c868ed176c61352f21cbb338a') in 0.010855 seconds
  Import took 0.015374 seconds .

========================================================================
Received Import Request.
  Time since last request: 0.000146 seconds.
  path: Assets/AssetStoreOriginals/_SNAPS_PrototypingAssets/ModernOffice_Interior/Prefabs/Structure/Walls/Neo_WallDoorFrame_01_snaps001.prefab
  artifactKey: Guid(e8f5a146fe0fe524f9bd393d3573106c) Importer(815301076,1909f56bfc062723c751e8b465ee728b)
Start importing Assets/AssetStoreOriginals/_SNAPS_PrototypingAssets/ModernOffice_Interior/Prefabs/Structure/Walls/Neo_WallDoorFrame_01_snaps001.prefab using Guid(e8f5a146fe0fe524f9bd393d3573106c) Importer(815301076,1909f56bfc062723c751e8b465ee728b)  -> (artifact id: '6020ba3856b3a3aa241db66f74a1ab4e') in 0.015743 seconds
  Import took 0.021052 seconds .

========================================================================
Received Import Request.
  Time since last request: 0.000163 seconds.
  path: Assets/AssetStoreOriginals/_SNAPS_PrototypingAssets/ModernOffice_Interior/Prefabs/Structure/Walls/Classic_WallDoor_01_snaps001.prefab
  artifactKey: Guid(c19d995d1197f6644b00037295f526de) Importer(815301076,1909f56bfc062723c751e8b465ee728b)
Start importing Assets/AssetStoreOriginals/_SNAPS_PrototypingAssets/ModernOffice_Interior/Prefabs/Structure/Walls/Classic_WallDoor_01_snaps001.prefab using Guid(c19d995d1197f6644b00037295f526de) Importer(815301076,1909f56bfc062723c751e8b465ee728b)  -> (artifact id: '83ab0c9382e19f7a20097d8785212f66') in 0.017069 seconds
  Import took 0.021440 seconds .

========================================================================
Received Import Request.
  Time since last request: 0.000173 seconds.
  path: Assets/AssetStoreOriginals/_SNAPS_PrototypingAssets/ModernOffice_Interior/Prefabs/Structure/Walls/Neo_WallDoubleDoors_01_snaps001.prefab
  artifactKey: Guid(d6864f78596014a4a9d36262c869812b) Importer(815301076,1909f56bfc062723c751e8b465ee728b)
Start importing Assets/AssetStoreOriginals/_SNAPS_PrototypingAssets/ModernOffice_Interior/Prefabs/Structure/Walls/Neo_WallDoubleDoors_01_snaps001.prefab using Guid(d6864f78596014a4a9d36262c869812b) Importer(815301076,1909f56bfc062723c751e8b465ee728b)  -> (artifact id: 'ea31e4dec43bb3507ab9e779a42ba870') in 0.016412 seconds
  Import took 0.021507 seconds .

========================================================================
Received Import Request.
  Time since last request: 0.000165 seconds.
  path: Assets/AssetStoreOriginals/_SNAPS_PrototypingAssets/ModernOffice_Interior/Prefabs/Structure/Walls/Classic_WallDoubleDoors_01_snaps001.prefab
  artifactKey: Guid(3cd7bc5de3ff05f49ab503add0f0f2d0) Importer(815301076,1909f56bfc062723c751e8b465ee728b)
Start importing Assets/AssetStoreOriginals/_SNAPS_PrototypingAssets/ModernOffice_Interior/Prefabs/Structure/Walls/Classic_WallDoubleDoors_01_snaps001.prefab using Guid(3cd7bc5de3ff05f49ab503add0f0f2d0) Importer(815301076,1909f56bfc062723c751e8b465ee728b)  -> (artifact id: '26581fd7e66cbcb9627cff8239c233ca') in 0.016633 seconds
  Import took 0.022226 seconds .

========================================================================
Received Import Request.
  Time since last request: 0.000151 seconds.
  path: Assets/AssetStoreOriginals/_SNAPS_PrototypingAssets/ModernOffice_Interior/Prefabs/Structure/Walls/Neo_WallWindow_01_snaps001.prefab
  artifactKey: Guid(bfa35daa926468a47bde7a1a04045305) Importer(815301076,1909f56bfc062723c751e8b465ee728b)
Start importing Assets/AssetStoreOriginals/_SNAPS_PrototypingAssets/ModernOffice_Interior/Prefabs/Structure/Walls/Neo_WallWindow_01_snaps001.prefab using Guid(bfa35daa926468a47bde7a1a04045305) Importer(815301076,1909f56bfc062723c751e8b465ee728b)  -> (artifact id: 'c4121fab9e7c369742433396c484c836') in 0.010787 seconds
  Import took 0.015679 seconds .

========================================================================
Received Import Request.
  Time since last request: 0.000148 seconds.
  path: Assets/AssetStoreOriginals/_SNAPS_PrototypingAssets/ModernOffice_Interior/Prefabs/Structure/Walls/Classic_WallWindow_03_snaps001.prefab
  artifactKey: Guid(f816c7b96377bf74dab570a6ffd7ccda) Importer(815301076,1909f56bfc062723c751e8b465ee728b)
Start importing Assets/AssetStoreOriginals/_SNAPS_PrototypingAssets/ModernOffice_Interior/Prefabs/Structure/Walls/Classic_WallWindow_03_snaps001.prefab using Guid(f816c7b96377bf74dab570a6ffd7ccda) Importer(815301076,1909f56bfc062723c751e8b465ee728b)  -> (artifact id: '2a282d5aedfc87b0d60b4315d74dbefa') in 0.017757 seconds
  Import took 0.022436 seconds .

========================================================================
Received Import Request.
  Time since last request: 563.846029 seconds.
  path: Assets/AssetStoreOriginals/_SNAPS_PrototypingAssets/ModernOffice_Interior/Prefabs/Structure/Pillars
  artifactKey: Guid(50630e63e3ac12742a93c1234c1b0ad7) Importer(815301076,1909f56bfc062723c751e8b465ee728b)
Start importing Assets/AssetStoreOriginals/_SNAPS_PrototypingAssets/ModernOffice_Interior/Prefabs/Structure/Pillars using Guid(50630e63e3ac12742a93c1234c1b0ad7) Importer(815301076,1909f56bfc062723c751e8b465ee728b)  -> (artifact id: '9bf040935a7feba742212644b13b83c1') in 0.004823 seconds
  Import took 0.015655 seconds .

========================================================================
Received Import Request.
  Time since last request: 0.060519 seconds.
  path: Assets/AssetStoreOriginals/_SNAPS_PrototypingAssets/ModernOffice_Interior/Prefabs/Structure/Pillars/Neo_Pillar_01_L_snaps001.prefab
  artifactKey: Guid(f243ada299246cb4abf4b420cd5bb818) Importer(815301076,1909f56bfc062723c751e8b465ee728b)
Start importing Assets/AssetStoreOriginals/_SNAPS_PrototypingAssets/ModernOffice_Interior/Prefabs/Structure/Pillars/Neo_Pillar_01_L_snaps001.prefab using Guid(f243ada299246cb4abf4b420cd5bb818) Importer(815301076,1909f56bfc062723c751e8b465ee728b)  -> (artifact id: '1cc84aa46bd8512f108f6d02f455f011') in 0.016955 seconds
  Import took 0.021018 seconds .

========================================================================
Received Import Request.
  Time since last request: 0.000135 seconds.
  path: Assets/AssetStoreOriginals/_SNAPS_PrototypingAssets/ModernOffice_Interior/Prefabs/Structure/Pillars/Neo_Pillar_02_L_snaps001.prefab
  artifactKey: Guid(7c1043cd013f6844fb56528826519a39) Importer(815301076,1909f56bfc062723c751e8b465ee728b)
Start importing Assets/AssetStoreOriginals/_SNAPS_PrototypingAssets/ModernOffice_Interior/Prefabs/Structure/Pillars/Neo_Pillar_02_L_snaps001.prefab using Guid(7c1043cd013f6844fb56528826519a39) Importer(815301076,1909f56bfc062723c751e8b465ee728b)  -> (artifact id: 'a56f13ceab3ef81f28710af962f0bd9f') in 0.013335 seconds
  Import took 0.017468 seconds .

========================================================================
Received Import Request.
  Time since last request: 0.000141 seconds.
  path: Assets/AssetStoreOriginals/_SNAPS_PrototypingAssets/ModernOffice_Interior/Prefabs/Structure/Pillars/Neo_Pillar_02_S_snaps001.prefab
  artifactKey: Guid(21b6cde9dbed3ae40a6a352e6c11be55) Importer(815301076,1909f56bfc062723c751e8b465ee728b)
Start importing Assets/AssetStoreOriginals/_SNAPS_PrototypingAssets/ModernOffice_Interior/Prefabs/Structure/Pillars/Neo_Pillar_02_S_snaps001.prefab using Guid(21b6cde9dbed3ae40a6a352e6c11be55) Importer(815301076,1909f56bfc062723c751e8b465ee728b)  -> (artifact id: '5cb49e9344778f5a479a4461f745d3d7') in 0.014163 seconds
  Import took 0.018782 seconds .

========================================================================
Received Import Request.
  Time since last request: 0.000133 seconds.
  path: Assets/AssetStoreOriginals/_SNAPS_PrototypingAssets/ModernOffice_Interior/Prefabs/Structure/Pillars/Neo_Pillar_01_S_snaps001.prefab
  artifactKey: Guid(4c7105b1972188a4d9e81c7386f0ee8a) Importer(815301076,1909f56bfc062723c751e8b465ee728b)
Start importing Assets/AssetStoreOriginals/_SNAPS_PrototypingAssets/ModernOffice_Interior/Prefabs/Structure/Pillars/Neo_Pillar_01_S_snaps001.prefab using Guid(4c7105b1972188a4d9e81c7386f0ee8a) Importer(815301076,1909f56bfc062723c751e8b465ee728b)  -> (artifact id: '3fdee00d1cda4f0bc67ca72454dc1cec') in 0.014657 seconds
  Import took 0.019036 seconds .

========================================================================
Received Import Request.
  Time since last request: 0.000140 seconds.
  path: Assets/AssetStoreOriginals/_SNAPS_PrototypingAssets/ModernOffice_Interior/Prefabs/Structure/Pillars/Neo_Pillar_01_M_snaps001.prefab
  artifactKey: Guid(9aaa6b39cf6e5464c908e1e606b95db9) Importer(815301076,1909f56bfc062723c751e8b465ee728b)
Start importing Assets/AssetStoreOriginals/_SNAPS_PrototypingAssets/ModernOffice_Interior/Prefabs/Structure/Pillars/Neo_Pillar_01_M_snaps001.prefab using Guid(9aaa6b39cf6e5464c908e1e606b95db9) Importer(815301076,1909f56bfc062723c751e8b465ee728b)  -> (artifact id: 'a1e51ec08cdbbbd9cb3851fc02f0795c') in 0.014696 seconds
  Import took 0.018881 seconds .

========================================================================
Received Import Request.
  Time since last request: 0.000145 seconds.
  path: Assets/AssetStoreOriginals/_SNAPS_PrototypingAssets/ModernOffice_Interior/Prefabs/Structure/Pillars/Neo_Pillar_02_M_snaps001.prefab
  artifactKey: Guid(4fb6a4051572da44385745888391d285) Importer(815301076,1909f56bfc062723c751e8b465ee728b)
Start importing Assets/AssetStoreOriginals/_SNAPS_PrototypingAssets/ModernOffice_Interior/Prefabs/Structure/Pillars/Neo_Pillar_02_M_snaps001.prefab using Guid(4fb6a4051572da44385745888391d285) Importer(815301076,1909f56bfc062723c751e8b465ee728b)  -> (artifact id: '1e423fd79d035473c3a84e2fd06588db') in 0.014769 seconds
  Import took 0.019310 seconds .

========================================================================
Received Prepare
Registering precompiled user dll's ...
Registered in 0.002546 seconds.
Begin MonoManager ReloadAssembly
Native extension for WindowsStandalone target not found
Refreshing native plugins compatible for Editor in 0.71 ms, found 0 plugins.
Preloading 0 native plugins for Editor in 0.00 ms.
Warning: Annotation not found!
UnityEngine.StackTraceUtility:ExtractStackTrace ()
UnityEditor.ProBuilder.EditorUtility:SetGizmoIconEnabled (System.Type,bool) (at Library/PackageCache/com.unity.probuilder@5.0.3/Editor/EditorCore/EditorUtility.cs:575)
UnityEditor.ProBuilder.HierarchyListener:.cctor () (at Library/PackageCache/com.unity.probuilder@5.0.3/Editor/EditorCore/HierarchyListener.cs:21)
System.Runtime.CompilerServices.RuntimeHelpers:RunClassConstructor (System.RuntimeTypeHandle)
UnityEditor.EditorAssemblies:ProcessInitializeOnLoadAttributes (System.Type[])

[Library/PackageCache/com.unity.probuilder@5.0.3/Editor/EditorCore/EditorUtility.cs line 575]

Invoked RoslynAnalysisRunner static constructor.
RoslynAnalysisRunner will not be running.
RoslynAnalysisRunner has terminated.
Mono: successfully reloaded assembly
- Completed reload, in  0.947 seconds
Platform modules already initialized, skipping
Shader 'Universal Render Pipeline/Particles/Lit': fallback shader 'Universal Render Pipeline/Particles/SimpleLit' not found
Shader 'WFX/Transparent Diffuse': fallback shader 'Particles/Alpha Blended' not found
Shader 'Universal Render Pipeline/Particles/Lit': fallback shader 'Universal Render Pipeline/Particles/SimpleLit' not found
Shader 'WFX/Transparent Specular': fallback shader 'Particles/Alpha Blended' not found
Refreshing native plugins compatible for Editor in 0.56 ms, found 0 plugins.
Preloading 0 native plugins for Editor in 0.00 ms.
Unloading 3033 Unused Serialized files (Serialized files now loaded: 0)
System memory in use before: 145.5 MB.
System memory in use after: 142.8 MB.

Unloading 49 unused Assets to reduce memory usage. Loaded Objects now: 3655.
Total: 3.792500 ms (FindLiveObjects: 0.308100 ms CreateObjectMapping: 0.140500 ms MarkObjects: 2.116800 ms  DeleteObjects: 1.226200 ms)

AssetImportWorkerClient::OnTransportError - code=2 error=End of file
